{"/home/victor/Documentos/Github/uiclone_twitch/src/components/CategoryList/index.tsx": {"path":"/home/victor/Documentos/Github/uiclone_twitch/src/components/CategoryList/index.tsx","statementMap":{"0":{"start":{"line":8,"column":38},"end":{"line":16,"column":1}},"1":{"start":{"line":9,"column":2},"end":{"line":15,"column":4}},"2":{"start":{"line":12,"column":8},"end":{"line":12,"column":52}}},"fnMap":{"0":{"name":"(anonymous_0)","decl":{"start":{"line":8,"column":38},"end":{"line":8,"column":39}},"loc":{"start":{"line":8,"column":44},"end":{"line":16,"column":1}},"line":8},"1":{"name":"(anonymous_1)","decl":{"start":{"line":11,"column":16},"end":{"line":11,"column":17}},"loc":{"start":{"line":12,"column":8},"end":{"line":12,"column":52}},"line":12}},"branchMap":{},"s":{"0":2,"1":2,"2":12},"f":{"0":2,"1":12},"b":{},"_coverageSchema":"1a1c01bbd47fc00a2c39e90264f33305004495a9","hash":"110d3933baaeedc8cced9e3619a39f8e0dd54376"}
,"/home/victor/Documentos/Github/uiclone_twitch/src/components/CategoryList/components/CategoryItem/index.tsx": {"path":"/home/victor/Documentos/Github/uiclone_twitch/src/components/CategoryList/components/CategoryItem/index.tsx","statementMap":{"0":{"start":{"line":17,"column":58},"end":{"line":28,"column":1}},"1":{"start":{"line":18,"column":2},"end":{"line":27,"column":4}}},"fnMap":{"0":{"name":"(anonymous_0)","decl":{"start":{"line":17,"column":58},"end":{"line":17,"column":59}},"loc":{"start":{"line":17,"column":72},"end":{"line":28,"column":1}},"line":17}},"branchMap":{},"s":{"0":2,"1":12},"f":{"0":12},"b":{},"_coverageSchema":"1a1c01bbd47fc00a2c39e90264f33305004495a9","hash":"58e153717efdf38df597995c71417cdbc96cbc33"}
,"/home/victor/Documentos/Github/uiclone_twitch/src/components/ChannelList/index.tsx": {"path":"/home/victor/Documentos/Github/uiclone_twitch/src/components/ChannelList/index.tsx","statementMap":{"0":{"start":{"line":6,"column":37},"end":{"line":23,"column":1}},"1":{"start":{"line":7,"column":2},"end":{"line":22,"column":4}}},"fnMap":{"0":{"name":"(anonymous_0)","decl":{"start":{"line":6,"column":37},"end":{"line":6,"column":38}},"loc":{"start":{"line":6,"column":43},"end":{"line":23,"column":1}},"line":6}},"branchMap":{},"s":{"0":2,"1":2},"f":{"0":2},"b":{},"_coverageSchema":"1a1c01bbd47fc00a2c39e90264f33305004495a9","hash":"d9440782c88dde254ba36026c773836c7d8ebc77"}
,"/home/victor/Documentos/Github/uiclone_twitch/src/components/ChannelList/components/ChannelItem/index.tsx": {"path":"/home/victor/Documentos/Github/uiclone_twitch/src/components/ChannelList/components/ChannelItem/index.tsx","statementMap":{"0":{"start":{"line":14,"column":37},"end":{"line":30,"column":1}},"1":{"start":{"line":15,"column":2},"end":{"line":29,"column":4}}},"fnMap":{"0":{"name":"(anonymous_0)","decl":{"start":{"line":14,"column":37},"end":{"line":14,"column":38}},"loc":{"start":{"line":14,"column":43},"end":{"line":30,"column":1}},"line":14}},"branchMap":{},"s":{"0":2,"1":24},"f":{"0":24},"b":{},"_coverageSchema":"1a1c01bbd47fc00a2c39e90264f33305004495a9","hash":"77b3577d9fd6021209d5ec678d857496fee98aef"}
,"/home/victor/Documentos/Github/uiclone_twitch/src/components/Header/index.tsx": {"path":"/home/victor/Documentos/Github/uiclone_twitch/src/components/Header/index.tsx","statementMap":{"0":{"start":{"line":12,"column":32},"end":{"line":40,"column":1}},"1":{"start":{"line":13,"column":2},"end":{"line":39,"column":4}}},"fnMap":{"0":{"name":"(anonymous_0)","decl":{"start":{"line":12,"column":32},"end":{"line":12,"column":33}},"loc":{"start":{"line":12,"column":38},"end":{"line":40,"column":1}},"line":12}},"branchMap":{},"s":{"0":2,"1":2},"f":{"0":2},"b":{},"_coverageSchema":"1a1c01bbd47fc00a2c39e90264f33305004495a9","hash":"630edeed03615bfa869458915ce02d96ae628c4f"}
,"/home/victor/Documentos/Github/uiclone_twitch/src/components/Heading/index.tsx": {"path":"/home/victor/Documentos/Github/uiclone_twitch/src/components/Heading/index.tsx","statementMap":{"0":{"start":{"line":4,"column":33},"end":{"line":10,"column":1}},"1":{"start":{"line":5,"column":2},"end":{"line":9,"column":4}}},"fnMap":{"0":{"name":"(anonymous_0)","decl":{"start":{"line":4,"column":33},"end":{"line":4,"column":34}},"loc":{"start":{"line":4,"column":51},"end":{"line":10,"column":1}},"line":4}},"branchMap":{},"s":{"0":2,"1":2},"f":{"0":2},"b":{},"_coverageSchema":"1a1c01bbd47fc00a2c39e90264f33305004495a9","hash":"ef4a5552f30af4b8203b06dd6c1ceaf08cd6eecd"}
,"/home/victor/Documentos/Github/uiclone_twitch/src/components/StreamList/index.tsx": {"path":"/home/victor/Documentos/Github/uiclone_twitch/src/components/StreamList/index.tsx","statementMap":{"0":{"start":{"line":6,"column":36},"end":{"line":16,"column":1}},"1":{"start":{"line":7,"column":2},"end":{"line":15,"column":4}}},"fnMap":{"0":{"name":"(anonymous_0)","decl":{"start":{"line":6,"column":36},"end":{"line":6,"column":37}},"loc":{"start":{"line":6,"column":42},"end":{"line":16,"column":1}},"line":6}},"branchMap":{},"s":{"0":2,"1":3},"f":{"0":3},"b":{},"_coverageSchema":"1a1c01bbd47fc00a2c39e90264f33305004495a9","hash":"fb06ce94a4a05dde79df4f6fc492eb5c2bbbcb4a"}
,"/home/victor/Documentos/Github/uiclone_twitch/src/components/StreamList/components/StreamItem/index.tsx": {"path":"/home/victor/Documentos/Github/uiclone_twitch/src/components/StreamList/components/StreamItem/index.tsx","statementMap":{"0":{"start":{"line":20,"column":36},"end":{"line":51,"column":1}},"1":{"start":{"line":21,"column":2},"end":{"line":50,"column":4}}},"fnMap":{"0":{"name":"(anonymous_0)","decl":{"start":{"line":20,"column":36},"end":{"line":20,"column":37}},"loc":{"start":{"line":20,"column":42},"end":{"line":51,"column":1}},"line":20}},"branchMap":{},"s":{"0":2,"1":15},"f":{"0":15},"b":{},"_coverageSchema":"1a1c01bbd47fc00a2c39e90264f33305004495a9","hash":"77159f6cf23bcf48e11b51546f36c0009c96e997"}
,"/home/victor/Documentos/Github/uiclone_twitch/src/components/Title/index.tsx": {"path":"/home/victor/Documentos/Github/uiclone_twitch/src/components/Title/index.tsx","statementMap":{"0":{"start":{"line":4,"column":31},"end":{"line":6,"column":1}},"1":{"start":{"line":5,"column":2},"end":{"line":5,"column":43}}},"fnMap":{"0":{"name":"(anonymous_0)","decl":{"start":{"line":4,"column":31},"end":{"line":4,"column":32}},"loc":{"start":{"line":4,"column":49},"end":{"line":6,"column":1}},"line":4}},"branchMap":{},"s":{"0":2,"1":5},"f":{"0":5},"b":{},"_coverageSchema":"1a1c01bbd47fc00a2c39e90264f33305004495a9","hash":"ac69075748161ca4d50804e2c177e3d03633646f"}
,"/home/victor/Documentos/Github/uiclone_twitch/src/pages/ComingSoon/index.tsx": {"path":"/home/victor/Documentos/Github/uiclone_twitch/src/pages/ComingSoon/index.tsx","statementMap":{"0":{"start":{"line":4,"column":36},"end":{"line":10,"column":1}},"1":{"start":{"line":5,"column":2},"end":{"line":9,"column":4}}},"fnMap":{"0":{"name":"(anonymous_0)","decl":{"start":{"line":4,"column":36},"end":{"line":4,"column":37}},"loc":{"start":{"line":4,"column":42},"end":{"line":10,"column":1}},"line":4}},"branchMap":{},"s":{"0":1,"1":1},"f":{"0":1},"b":{},"_coverageSchema":"1a1c01bbd47fc00a2c39e90264f33305004495a9","hash":"fd6c82eba62872f2eaff334fa86ada2e43c2c389"}
,"/home/victor/Documentos/Github/uiclone_twitch/src/pages/Following/index.tsx": {"path":"/home/victor/Documentos/Github/uiclone_twitch/src/pages/Following/index.tsx","statementMap":{"0":{"start":{"line":18,"column":35},"end":{"line":80,"column":1}},"1":{"start":{"line":19,"column":28},"end":{"line":62,"column":8}},"2":{"start":{"line":20,"column":26},"end":{"line":52,"column":5}},"3":{"start":{"line":23,"column":22},"end":{"line":23,"column":50}},"4":{"start":{"line":27,"column":22},"end":{"line":27,"column":56}},"5":{"start":{"line":30,"column":44},"end":{"line":30,"column":60}},"6":{"start":{"line":34,"column":22},"end":{"line":34,"column":50}},"7":{"start":{"line":37,"column":47},"end":{"line":37,"column":61}},"8":{"start":{"line":41,"column":22},"end":{"line":41,"column":54}},"9":{"start":{"line":44,"column":45},"end":{"line":44,"column":59}},"10":{"start":{"line":48,"column":22},"end":{"line":48,"column":53}},"11":{"start":{"line":51,"column":52},"end":{"line":51,"column":67}},"12":{"start":{"line":55,"column":35},"end":{"line":55,"column":37}},"13":{"start":{"line":56,"column":4},"end":{"line":56,"column":77}},"14":{"start":{"line":56,"column":35},"end":{"line":56,"column":75}},"15":{"start":{"line":58,"column":4},"end":{"line":61,"column":6}},"16":{"start":{"line":64,"column":2},"end":{"line":79,"column":4}},"17":{"start":{"line":72,"column":38},"end":{"line":72,"column":51}},"18":{"start":{"line":73,"column":36},"end":{"line":73,"column":44}}},"fnMap":{"0":{"name":"(anonymous_0)","decl":{"start":{"line":18,"column":35},"end":{"line":18,"column":36}},"loc":{"start":{"line":18,"column":41},"end":{"line":80,"column":1}},"line":18},"1":{"name":"(anonymous_1)","decl":{"start":{"line":19,"column":42},"end":{"line":19,"column":43}},"loc":{"start":{"line":19,"column":48},"end":{"line":62,"column":3}},"line":19},"2":{"name":"(anonymous_2)","decl":{"start":{"line":23,"column":16},"end":{"line":23,"column":17}},"loc":{"start":{"line":23,"column":22},"end":{"line":23,"column":50}},"line":23},"3":{"name":"(anonymous_3)","decl":{"start":{"line":27,"column":16},"end":{"line":27,"column":17}},"loc":{"start":{"line":27,"column":22},"end":{"line":27,"column":56}},"line":27},"4":{"name":"(anonymous_4)","decl":{"start":{"line":30,"column":38},"end":{"line":30,"column":39}},"loc":{"start":{"line":30,"column":44},"end":{"line":30,"column":60}},"line":30},"5":{"name":"(anonymous_5)","decl":{"start":{"line":34,"column":16},"end":{"line":34,"column":17}},"loc":{"start":{"line":34,"column":22},"end":{"line":34,"column":50}},"line":34},"6":{"name":"(anonymous_6)","decl":{"start":{"line":37,"column":41},"end":{"line":37,"column":42}},"loc":{"start":{"line":37,"column":47},"end":{"line":37,"column":61}},"line":37},"7":{"name":"(anonymous_7)","decl":{"start":{"line":41,"column":16},"end":{"line":41,"column":17}},"loc":{"start":{"line":41,"column":22},"end":{"line":41,"column":54}},"line":41},"8":{"name":"(anonymous_8)","decl":{"start":{"line":44,"column":39},"end":{"line":44,"column":40}},"loc":{"start":{"line":44,"column":45},"end":{"line":44,"column":59}},"line":44},"9":{"name":"(anonymous_9)","decl":{"start":{"line":48,"column":16},"end":{"line":48,"column":17}},"loc":{"start":{"line":48,"column":22},"end":{"line":48,"column":53}},"line":48},"10":{"name":"(anonymous_10)","decl":{"start":{"line":51,"column":46},"end":{"line":51,"column":47}},"loc":{"start":{"line":51,"column":52},"end":{"line":51,"column":67}},"line":51},"11":{"name":"(anonymous_11)","decl":{"start":{"line":56,"column":18},"end":{"line":56,"column":19}},"loc":{"start":{"line":56,"column":35},"end":{"line":56,"column":75}},"line":56},"12":{"name":"(anonymous_12)","decl":{"start":{"line":72,"column":24},"end":{"line":72,"column":25}},"loc":{"start":{"line":72,"column":38},"end":{"line":72,"column":51}},"line":72},"13":{"name":"(anonymous_13)","decl":{"start":{"line":73,"column":26},"end":{"line":73,"column":27}},"loc":{"start":{"line":73,"column":36},"end":{"line":73,"column":44}},"line":73}},"branchMap":{"0":{"loc":{"start":{"line":56,"column":35},"end":{"line":56,"column":75}},"type":"binary-expr","locations":[{"start":{"line":56,"column":35},"end":{"line":56,"column":47}},{"start":{"line":56,"column":51},"end":{"line":56,"column":75}}],"line":56}},"s":{"0":1,"1":1,"2":1,"3":1,"4":1,"5":1,"6":1,"7":1,"8":1,"9":1,"10":1,"11":1,"12":1,"13":1,"14":9,"15":1,"16":1,"17":9,"18":9},"f":{"0":1,"1":1,"2":1,"3":1,"4":1,"5":1,"6":1,"7":1,"8":1,"9":1,"10":1,"11":9,"12":9,"13":9},"b":{"0":[9,4]},"_coverageSchema":"1a1c01bbd47fc00a2c39e90264f33305004495a9","hash":"28dca1a919b2471a9adff25dbf5ead1edba04e6e"}
}
