TN:
SF:src/components/CategoryList/index.tsx
FN:8,(anonymous_0)
FN:11,(anonymous_1)
FNF:2
FNH:2
FNDA:2,(anonymous_0)
FNDA:12,(anonymous_1)
DA:8,2
DA:9,2
DA:12,12
LF:3
LH:3
BRF:0
BRH:0
end_of_record
TN:
SF:src/components/CategoryList/components/CategoryItem/index.tsx
FN:17,(anonymous_0)
FNF:1
FNH:1
FNDA:12,(anonymous_0)
DA:17,2
DA:18,12
LF:2
LH:2
BRF:0
BRH:0
end_of_record
TN:
SF:src/components/ChannelList/index.tsx
FN:6,(anonymous_0)
FNF:1
FNH:1
FNDA:2,(anonymous_0)
DA:6,2
DA:7,2
LF:2
LH:2
BRF:0
BRH:0
end_of_record
TN:
SF:src/components/ChannelList/components/ChannelItem/index.tsx
FN:14,(anonymous_0)
FNF:1
FNH:1
FNDA:24,(anonymous_0)
DA:14,2
DA:15,24
LF:2
LH:2
BRF:0
BRH:0
end_of_record
TN:
SF:src/components/Header/index.tsx
FN:12,(anonymous_0)
FNF:1
FNH:1
FNDA:2,(anonymous_0)
DA:12,2
DA:13,2
LF:2
LH:2
BRF:0
BRH:0
end_of_record
TN:
SF:src/components/Heading/index.tsx
FN:4,(anonymous_0)
FNF:1
FNH:1
FNDA:2,(anonymous_0)
DA:4,2
DA:5,2
LF:2
LH:2
BRF:0
BRH:0
end_of_record
TN:
SF:src/components/StreamList/index.tsx
FN:6,(anonymous_0)
FNF:1
FNH:1
FNDA:3,(anonymous_0)
DA:6,2
DA:7,3
LF:2
LH:2
BRF:0
BRH:0
end_of_record
TN:
SF:src/components/StreamList/components/StreamItem/index.tsx
FN:20,(anonymous_0)
FNF:1
FNH:1
FNDA:15,(anonymous_0)
DA:20,2
DA:21,15
LF:2
LH:2
BRF:0
BRH:0
end_of_record
TN:
SF:src/components/Title/index.tsx
FN:4,(anonymous_0)
FNF:1
FNH:1
FNDA:5,(anonymous_0)
DA:4,2
DA:5,5
LF:2
LH:2
BRF:0
BRH:0
end_of_record
TN:
SF:src/pages/ComingSoon/index.tsx
FN:4,(anonymous_0)
FNF:1
FNH:1
FNDA:1,(anonymous_0)
DA:4,1
DA:5,1
LF:2
LH:2
BRF:0
BRH:0
end_of_record
TN:
SF:src/pages/Following/index.tsx
FN:18,(anonymous_0)
FN:19,(anonymous_1)
FN:23,(anonymous_2)
FN:27,(anonymous_3)
FN:30,(anonymous_4)
FN:34,(anonymous_5)
FN:37,(anonymous_6)
FN:41,(anonymous_7)
FN:44,(anonymous_8)
FN:48,(anonymous_9)
FN:51,(anonymous_10)
FN:56,(anonymous_11)
FN:72,(anonymous_12)
FN:73,(anonymous_13)
FNF:14
FNH:14
FNDA:1,(anonymous_0)
FNDA:1,(anonymous_1)
FNDA:1,(anonymous_2)
FNDA:1,(anonymous_3)
FNDA:1,(anonymous_4)
FNDA:1,(anonymous_5)
FNDA:1,(anonymous_6)
FNDA:1,(anonymous_7)
FNDA:1,(anonymous_8)
FNDA:1,(anonymous_9)
FNDA:1,(anonymous_10)
FNDA:9,(anonymous_11)
FNDA:9,(anonymous_12)
FNDA:9,(anonymous_13)
DA:18,1
DA:19,1
DA:20,1
DA:23,1
DA:27,1
DA:30,1
DA:34,1
DA:37,1
DA:41,1
DA:44,1
DA:48,1
DA:51,1
DA:55,1
DA:56,9
DA:58,1
DA:64,1
DA:72,9
DA:73,9
LF:18
LH:18
BRDA:56,0,0,9
BRDA:56,0,1,4
BRF:2
BRH:2
end_of_record
